CMake Warning (dev) at /Users/pj/.local/share/mamba/envs/ros_env/share/python_cmake_module/cmake/Modules/FindPythonExtra.cmake:52 (find_package):
  Policy CMP0148 is not set: The FindPythonInterp and FindPythonLibs modules
  are removed.  Run "cmake --help-policy CMP0148" for policy details.  Use
  the cmake_policy command to set the policy and suppress this warning.

Call Stack (most recent call first):
  /Users/pj/.local/share/mamba/envs/ros_env/share/rosidl_generator_py/cmake/rosidl_generator_py_generate_interfaces.cmake:21 (find_package)
  /Users/pj/.local/share/mamba/envs/ros_env/share/ament_cmake_core/cmake/core/ament_execute_extensions.cmake:48 (include)
  /Users/pj/.local/share/mamba/envs/ros_env/share/rosidl_cmake/cmake/rosidl_generate_interfaces.cmake:286 (ament_execute_extensions)
  CMakeLists.txt:17 (rosidl_generate_interfaces)
This warning is for project developers.  Use -Wno-dev to suppress it.

In file included from /Users/pj/Projects/GPTPet/code/gpt-pet-v2/ros2_ws/src/common/build/common_interfaces/rosidl_generator_c/common_interfaces/srv/detail/motor_control__functions.c:4:
In file included from /Users/pj/Projects/GPTPet/code/gpt-pet-v2/ros2_ws/src/common/build/common_interfaces/rosidl_generator_c/common_interfaces/srv/detail/motor_control__functions.h:19:
/Users/pj/Projects/GPTPet/code/gpt-pet-v2/ros2_ws/src/common/build/common_interfaces/rosidl_generator_c/common_interfaces/srv/detail/motor_control__struct.h:22:10: fatal error: 'common/msg/detail/velocities__struct.h' file not found
   22 | #include "common/msg/detail/velocities__struct.h"
      |          ^~~~~~~~~~~~~~~~~~~~~~~~~~~~~~~~~~~~~~~~
1 error generated.
make[2]: *** [CMakeFiles/common_interfaces__rosidl_generator_c.dir/build.make:138: CMakeFiles/common_interfaces__rosidl_generator_c.dir/rosidl_generator_c/common_interfaces/srv/detail/motor_control__functions.c.o] Error 1
make[2]: *** Waiting for unfinished jobs....
make[1]: *** [CMakeFiles/Makefile2:258: CMakeFiles/common_interfaces__rosidl_generator_c.dir/all] Error 2
make[1]: *** Waiting for unfinished jobs....
In file included from /Users/pj/Projects/GPTPet/code/gpt-pet-v2/ros2_ws/src/common/build/common_interfaces/rosidl_typesupport_fastrtps_cpp/common_interfaces/srv/detail/dds_fastrtps/motor_control__type_support.cpp:4:
In file included from /Users/pj/Projects/GPTPet/code/gpt-pet-v2/ros2_ws/src/common/build/common_interfaces/rosidl_typesupport_fastrtps_cpp/common_interfaces/srv/detail/motor_control__rosidl_typesupport_fastrtps_cpp.hpp:11:
/Users/pj/Projects/GPTPet/code/gpt-pet-v2/ros2_ws/src/common/build/common_interfaces/rosidl_generator_cpp/common_interfaces/srv/detail/motor_control__struct.hpp:20:10: fatal error: 'common/msg/detail/velocities__struct.hpp' file not found
   20 | #include "common/msg/detail/velocities__struct.hpp"
      |          ^~~~~~~~~~~~~~~~~~~~~~~~~~~~~~~~~~~~~~~~~~
In file included from /Users/pj/Projects/GPTPet/code/gpt-pet-v2/ros2_ws/src/common/build/common_interfaces/rosidl_typesupport_cpp/common_interfaces/srv/motor_control__type_support.cpp:7:
/Users/pj/Projects/GPTPet/code/gpt-pet-v2/ros2_ws/src/common/build/common_interfaces/rosidl_generator_cpp/common_interfaces/srv/detail/motor_control__struct.hpp:20:10: fatal error: 'common/msg/detail/velocities__struct.hpp' file not found
   20 | #include "common/msg/detail/velocities__struct.hpp"
      |          ^~~~~~~~~~~~~~~~~~~~~~~~~~~~~~~~~~~~~~~~~~
1 error generated.
make[2]: *** [CMakeFiles/common_interfaces__rosidl_typesupport_cpp.dir/build.make:107: CMakeFiles/common_interfaces__rosidl_typesupport_cpp.dir/rosidl_typesupport_cpp/common_interfaces/srv/motor_control__type_support.cpp.o] Error 1
make[2]: *** Waiting for unfinished jobs....
In file included from /Users/pj/Projects/GPTPet/code/gpt-pet-v2/ros2_ws/src/common/build/common_interfaces/rosidl_typesupport_introspection_cpp/common_interfaces/srv/detail/motor_control__type_support.cpp:12:
/Users/pj/Projects/GPTPet/code/gpt-pet-v2/ros2_ws/src/common/build/common_interfaces/rosidl_generator_cpp/common_interfaces/srv/detail/motor_control__struct.hpp:20:10: fatal error: 'common/msg/detail/velocities__struct.hpp' file not found
   20 | #include "common/msg/detail/velocities__struct.hpp"
      |          ^~~~~~~~~~~~~~~~~~~~~~~~~~~~~~~~~~~~~~~~~~
1 error generated.
make[2]: *** [CMakeFiles/common_interfaces__rosidl_typesupport_introspection_cpp.dir/build.make:115: CMakeFiles/common_interfaces__rosidl_typesupport_introspection_cpp.dir/rosidl_typesupport_introspection_cpp/common_interfaces/srv/detail/motor_control__type_support.cpp.o] Error 1
make[2]: *** Waiting for unfinished jobs....
make[1]: *** [CMakeFiles/Makefile2:482: CMakeFiles/common_interfaces__rosidl_typesupport_cpp.dir/all] Error 2
make[1]: *** [CMakeFiles/Makefile2:450: CMakeFiles/common_interfaces__rosidl_typesupport_introspection_cpp.dir/all] Error 2
1 error generated.
make[2]: *** [CMakeFiles/common_interfaces__rosidl_typesupport_fastrtps_cpp.dir/build.make:115: CMakeFiles/common_interfaces__rosidl_typesupport_fastrtps_cpp.dir/rosidl_typesupport_fastrtps_cpp/common_interfaces/srv/detail/dds_fastrtps/motor_control__type_support.cpp.o] Error 1
make[2]: *** Waiting for unfinished jobs....
make[1]: *** [CMakeFiles/Makefile2:354: CMakeFiles/common_interfaces__rosidl_typesupport_fastrtps_cpp.dir/all] Error 2
make: *** [Makefile:146: all] Error 2
