-- The C compiler identification is Clang 18.1.8
-- The CXX compiler identification is Clang 18.1.8
-- Detecting C compiler ABI info
-- Detecting C compiler ABI info - done
-- Check for working C compiler: /Users/pj/.local/share/mamba/envs/ros_env/bin/arm64-apple-darwin20.0.0-clang - skipped
-- Detecting C compile features
-- Detecting C compile features - done
-- Detecting CXX compiler ABI info
-- Detecting CXX compiler ABI info - done
-- Check for working CXX compiler: /Users/pj/.local/share/mamba/envs/ros_env/bin/arm64-apple-darwin20.0.0-clang++ - skipped
-- Detecting CXX compile features
-- Detecting CXX compile features - done
-- Found ament_cmake: 1.3.11 (/Users/pj/.local/share/mamba/envs/ros_env/share/ament_cmake/cmake)
-- Found Python3: /Users/pj/.local/share/mamba/envs/ros_env/bin/python3 (found version "3.11.11") found components: Interpreter
-- Override CMake install command with custom implementation using symlinks instead of copying resources
-- Found geometry_msgs: 4.2.4 (/Users/pj/.local/share/mamba/envs/ros_env/share/geometry_msgs/cmake)
-- Found rosidl_generator_c: 3.1.6 (/Users/pj/.local/share/mamba/envs/ros_env/share/rosidl_generator_c/cmake)
-- Found rosidl_adapter: 3.1.6 (/Users/pj/.local/share/mamba/envs/ros_env/share/rosidl_adapter/cmake)
-- Found rosidl_generator_cpp: 3.1.6 (/Users/pj/.local/share/mamba/envs/ros_env/share/rosidl_generator_cpp/cmake)
-- Using all available rosidl_typesupport_c: rosidl_typesupport_fastrtps_c;rosidl_typesupport_introspection_c
-- Using all available rosidl_typesupport_cpp: rosidl_typesupport_fastrtps_cpp;rosidl_typesupport_introspection_cpp
-- Found rosidl_default_generators: 1.2.0 (/Users/pj/.local/share/mamba/envs/ros_env/share/rosidl_default_generators/cmake)
-- Found ament_cmake_ros: 0.10.0 (/Users/pj/.local/share/mamba/envs/ros_env/share/ament_cmake_ros/cmake)
-- Using all available rosidl_typesupport_c: rosidl_typesupport_fastrtps_c;rosidl_typesupport_introspection_c
-- Using all available rosidl_typesupport_cpp: rosidl_typesupport_fastrtps_cpp;rosidl_typesupport_introspection_cpp
-- Found python_cmake_module: 0.10.0 (/Users/pj/.local/share/mamba/envs/ros_env/share/python_cmake_module/cmake)
CMake Warning (dev) at /Users/pj/.local/share/mamba/envs/ros_env/share/python_cmake_module/cmake/Modules/FindPythonExtra.cmake:52 (find_package):
  Policy CMP0148 is not set: The FindPythonInterp and FindPythonLibs modules
  are removed.  Run "cmake --help-policy CMP0148" for policy details.  Use
  the cmake_policy command to set the policy and suppress this warning.

Call Stack (most recent call first):
  /Users/pj/.local/share/mamba/envs/ros_env/share/rosidl_generator_py/cmake/rosidl_generator_py_generate_interfaces.cmake:21 (find_package)
  /Users/pj/.local/share/mamba/envs/ros_env/share/ament_cmake_core/cmake/core/ament_execute_extensions.cmake:48 (include)
  /Users/pj/.local/share/mamba/envs/ros_env/share/rosidl_cmake/cmake/rosidl_generate_interfaces.cmake:286 (ament_execute_extensions)
  CMakeLists.txt:17 (rosidl_generate_interfaces)
This warning is for project developers.  Use -Wno-dev to suppress it.

-- Found PythonInterp: /Users/pj/.local/share/mamba/envs/ros_env/bin/python3 (found suitable version "3.11.11", minimum required is "3.6")
-- Using PythonExtra_INCLUDE_DIRS: /Users/pj/.local/share/mamba/envs/ros_env/include/python3.11;/Users/pj/.local/share/mamba/envs/ros_env/include/python3.11
-- Using PythonExtra_LIBRARIES: /Users/pj/.local/share/mamba/envs/ros_env/lib/libpython3.11.dylib
-- Found PythonExtra: .so
-- Found Python3: /Users/pj/.local/share/mamba/envs/ros_env/include/python3.11 (found version "3.11.11") found components: Development NumPy Interpreter Development.Module Development.Embed
-- Found ament_lint_auto: 0.12.11 (/Users/pj/.local/share/mamba/envs/ros_env/share/ament_lint_auto/cmake)
-- Added test 'lint_cmake' to check CMake code style
-- Added test 'xmllint' to check XML markup files
-- Configuring done (2.3s)
-- Generating done (0.1s)
-- Build files have been written to: /Users/pj/Projects/GPTPet/code/gpt-pet-v2/ros2_ws/src/common/build/common_interfaces
[  2%] Generating C code for ROS interfaces
[  5%] Generating C++ code for ROS interfaces
[  5%] Built target ament_cmake_python_symlink_common_interfaces
[  5%] Built target common_interfaces__cpp
[ 10%] Building C object CMakeFiles/common_interfaces__rosidl_generator_c.dir/rosidl_generator_c/common_interfaces/msg/detail/velocities__functions.c.o
[ 10%] Building C object CMakeFiles/common_interfaces__rosidl_generator_c.dir/rosidl_generator_c/common_interfaces/srv/detail/motor_control__functions.c.o
running egg_info
creating common_interfaces.egg-info
writing common_interfaces.egg-info/PKG-INFO
writing dependency_links to common_interfaces.egg-info/dependency_links.txt
writing top-level names to common_interfaces.egg-info/top_level.txt
writing manifest file 'common_interfaces.egg-info/SOURCES.txt'
[ 12%] Generating C++ type support for eProsima Fast-RTPS
[ 17%] Generating C++ type support dispatch for ROS interfaces
[ 17%] Generating C++ introspection for ROS interfaces
reading manifest file 'common_interfaces.egg-info/SOURCES.txt'
writing manifest file 'common_interfaces.egg-info/SOURCES.txt'
In file included from /Users/pj/Projects/GPTPet/code/gpt-pet-v2/ros2_ws/src/common/build/common_interfaces/rosidl_generator_c/common_interfaces/srv/detail/motor_control__functions.c:4:
In file included from /Users/pj/Projects/GPTPet/code/gpt-pet-v2/ros2_ws/src/common/build/common_interfaces/rosidl_generator_c/common_interfaces/srv/detail/motor_control__functions.h:19:
/Users/pj/Projects/GPTPet/code/gpt-pet-v2/ros2_ws/src/common/build/common_interfaces/rosidl_generator_c/common_interfaces/srv/detail/motor_control__struct.h:22:10: fatal error: 'common/msg/detail/velocities__struct.h' file not found
   22 | #include "common/msg/detail/velocities__struct.h"
      |          ^~~~~~~~~~~~~~~~~~~~~~~~~~~~~~~~~~~~~~~~
1 error generated.
make[2]: *** [CMakeFiles/common_interfaces__rosidl_generator_c.dir/build.make:138: CMakeFiles/common_interfaces__rosidl_generator_c.dir/rosidl_generator_c/common_interfaces/srv/detail/motor_control__functions.c.o] Error 1
make[2]: *** Waiting for unfinished jobs....
[ 17%] Built target ament_cmake_python_build_common_interfaces_egg
make[1]: *** [CMakeFiles/Makefile2:258: CMakeFiles/common_interfaces__rosidl_generator_c.dir/all] Error 2
make[1]: *** Waiting for unfinished jobs....
[ 23%] Building CXX object CMakeFiles/common_interfaces__rosidl_typesupport_cpp.dir/rosidl_typesupport_cpp/common_interfaces/msg/velocities__type_support.cpp.o
[ 23%] Building CXX object CMakeFiles/common_interfaces__rosidl_typesupport_cpp.dir/rosidl_typesupport_cpp/common_interfaces/srv/motor_control__type_support.cpp.o
[ 25%] Building CXX object CMakeFiles/common_interfaces__rosidl_typesupport_introspection_cpp.dir/rosidl_typesupport_introspection_cpp/common_interfaces/srv/detail/motor_control__type_support.cpp.o
[ 28%] Building CXX object CMakeFiles/common_interfaces__rosidl_typesupport_introspection_cpp.dir/rosidl_typesupport_introspection_cpp/common_interfaces/msg/detail/velocities__type_support.cpp.o
[ 33%] Building CXX object CMakeFiles/common_interfaces__rosidl_typesupport_fastrtps_cpp.dir/rosidl_typesupport_fastrtps_cpp/common_interfaces/msg/detail/dds_fastrtps/velocities__type_support.cpp.o
[ 33%] Building CXX object CMakeFiles/common_interfaces__rosidl_typesupport_fastrtps_cpp.dir/rosidl_typesupport_fastrtps_cpp/common_interfaces/srv/detail/dds_fastrtps/motor_control__type_support.cpp.o
In file included from /Users/pj/Projects/GPTPet/code/gpt-pet-v2/ros2_ws/src/common/build/common_interfaces/rosidl_typesupport_fastrtps_cpp/common_interfaces/srv/detail/dds_fastrtps/motor_control__type_support.cpp:4:
In file included from /Users/pj/Projects/GPTPet/code/gpt-pet-v2/ros2_ws/src/common/build/common_interfaces/rosidl_typesupport_fastrtps_cpp/common_interfaces/srv/detail/motor_control__rosidl_typesupport_fastrtps_cpp.hpp:11:
/Users/pj/Projects/GPTPet/code/gpt-pet-v2/ros2_ws/src/common/build/common_interfaces/rosidl_generator_cpp/common_interfaces/srv/detail/motor_control__struct.hpp:20:10: fatal error: 'common/msg/detail/velocities__struct.hpp' file not found
   20 | #include "common/msg/detail/velocities__struct.hpp"
      |          ^~~~~~~~~~~~~~~~~~~~~~~~~~~~~~~~~~~~~~~~~~
In file included from /Users/pj/Projects/GPTPet/code/gpt-pet-v2/ros2_ws/src/common/build/common_interfaces/rosidl_typesupport_cpp/common_interfaces/srv/motor_control__type_support.cpp:7:
/Users/pj/Projects/GPTPet/code/gpt-pet-v2/ros2_ws/src/common/build/common_interfaces/rosidl_generator_cpp/common_interfaces/srv/detail/motor_control__struct.hpp:20:10: fatal error: 'common/msg/detail/velocities__struct.hpp' file not found
   20 | #include "common/msg/detail/velocities__struct.hpp"
      |          ^~~~~~~~~~~~~~~~~~~~~~~~~~~~~~~~~~~~~~~~~~
1 error generated.
make[2]: *** [CMakeFiles/common_interfaces__rosidl_typesupport_cpp.dir/build.make:107: CMakeFiles/common_interfaces__rosidl_typesupport_cpp.dir/rosidl_typesupport_cpp/common_interfaces/srv/motor_control__type_support.cpp.o] Error 1
make[2]: *** Waiting for unfinished jobs....
In file included from /Users/pj/Projects/GPTPet/code/gpt-pet-v2/ros2_ws/src/common/build/common_interfaces/rosidl_typesupport_introspection_cpp/common_interfaces/srv/detail/motor_control__type_support.cpp:12:
/Users/pj/Projects/GPTPet/code/gpt-pet-v2/ros2_ws/src/common/build/common_interfaces/rosidl_generator_cpp/common_interfaces/srv/detail/motor_control__struct.hpp:20:10: fatal error: 'common/msg/detail/velocities__struct.hpp' file not found
   20 | #include "common/msg/detail/velocities__struct.hpp"
      |          ^~~~~~~~~~~~~~~~~~~~~~~~~~~~~~~~~~~~~~~~~~
1 error generated.
make[2]: *** [CMakeFiles/common_interfaces__rosidl_typesupport_introspection_cpp.dir/build.make:115: CMakeFiles/common_interfaces__rosidl_typesupport_introspection_cpp.dir/rosidl_typesupport_introspection_cpp/common_interfaces/srv/detail/motor_control__type_support.cpp.o] Error 1
make[2]: *** Waiting for unfinished jobs....
make[1]: *** [CMakeFiles/Makefile2:482: CMakeFiles/common_interfaces__rosidl_typesupport_cpp.dir/all] Error 2
make[1]: *** [CMakeFiles/Makefile2:450: CMakeFiles/common_interfaces__rosidl_typesupport_introspection_cpp.dir/all] Error 2
1 error generated.
make[2]: *** [CMakeFiles/common_interfaces__rosidl_typesupport_fastrtps_cpp.dir/build.make:115: CMakeFiles/common_interfaces__rosidl_typesupport_fastrtps_cpp.dir/rosidl_typesupport_fastrtps_cpp/common_interfaces/srv/detail/dds_fastrtps/motor_control__type_support.cpp.o] Error 1
make[2]: *** Waiting for unfinished jobs....
make[1]: *** [CMakeFiles/Makefile2:354: CMakeFiles/common_interfaces__rosidl_typesupport_fastrtps_cpp.dir/all] Error 2
make: *** [Makefile:146: all] Error 2
