CMake Deprecation Warning at CMakeLists.txt:1 (cmake_minimum_required):
  Compatibility with CMake < 3.10 will be removed from a future version of
  CMake.

  Update the VERSION argument <min> value.  Or, use the <min>...<max> syntax
  to tell CMake that the project requires at least <min> but has been updated
  to work with policies introduced by <max> or earlier.


CMake Warning (dev) at src/CMakeLists.txt:31 (find_package):
  Policy CMP0167 is not set: The FindBoost module is removed.  Run "cmake
  --help-policy CMP0167" for policy details.  Use the cmake_policy command to
  set the policy and suppress this warning.

This warning is for project developers.  Use -Wno-dev to suppress it.

CMake Warning (dev) at /Users/pj/.local/share/mamba/envs/ros_env/share/python_cmake_module/cmake/Modules/FindPythonExtra.cmake:52 (find_package):
  Policy CMP0148 is not set: The FindPythonInterp and FindPythonLibs modules
  are removed.  Run "cmake --help-policy CMP0148" for policy details.  Use
  the cmake_policy command to set the policy and suppress this warning.

Call Stack (most recent call first):
  /Users/pj/.local/share/mamba/envs/ros_env/share/launch_testing_ament_cmake/cmake/launch_testing_ament_cmake-extras.cmake:18 (find_package)
  /Users/pj/.local/share/mamba/envs/ros_env/share/launch_testing_ament_cmake/cmake/launch_testing_ament_cmakeConfig.cmake:41 (include)
  CMakeLists.txt:52 (find_package)
This warning is for project developers.  Use -Wno-dev to suppress it.

CMake Deprecation Warning at /Users/pj/.local/share/mamba/envs/ros_env/src/gtest_vendor/CMakeLists.txt:2 (cmake_minimum_required):
  Compatibility with CMake < 3.10 will be removed from a future version of
  CMake.

  Update the VERSION argument <min> value.  Or, use the <min>...<max> syntax
  to tell CMake that the project requires at least <min> but has been updated
  to work with policies introduced by <max> or earlier.


In file included from /Users/pj/Projects/GPTPet/code/gpt-pet-v2/ros2_ws/src/server/src/navigation2/nav2_util/src/lifecycle_node.cpp:15:
/Users/pj/Projects/GPTPet/code/gpt-pet-v2/ros2_ws/src/server/src/navigation2/nav2_util/include/nav2_util/lifecycle_node.hpp:25:10: fatal error: 'bondcpp/bond.hpp' file not found
   25 | #include "bondcpp/bond.hpp"
      |          ^~~~~~~~~~~~~~~~~~
1 error generated.
In file included from /Users/pj/Projects/GPTPet/code/gpt-pet-v2/ros2_ws/src/server/src/navigation2/nav2_util/src/odometry_utils.cpp:18:
In file included from /Users/pj/Projects/GPTPet/code/gpt-pet-v2/ros2_ws/src/server/src/navigation2/nav2_util/include/nav2_util/odometry_utils.hpp:29:
/Users/pj/Projects/GPTPet/code/gpt-pet-v2/ros2_ws/src/server/src/navigation2/nav2_util/include/nav2_util/lifecycle_node.hpp:25:10: fatal error: 'bondcpp/bond.hpp' file not found
   25 | #include "bondcpp/bond.hpp"
      |          ^~~~~~~~~~~~~~~~~~
make[2]: *** [src/CMakeFiles/nav2_util_core.dir/build.make:149: src/CMakeFiles/nav2_util_core.dir/lifecycle_node.cpp.o] Error 1
make[2]: *** Waiting for unfinished jobs....
1 error generated.
make[2]: *** [src/CMakeFiles/nav2_util_core.dir/build.make:191: src/CMakeFiles/nav2_util_core.dir/odometry_utils.cpp.o] Error 1
make[1]: *** [CMakeFiles/Makefile2:254: src/CMakeFiles/nav2_util_core.dir/all] Error 2
make[1]: *** Waiting for unfinished jobs....
make: *** [Makefile:146: all] Error 2
