CMake Deprecation Warning at CMakeLists.txt:1 (cmake_minimum_required):
  Compatibility with CMake < 3.10 will be removed from a future version of
  CMake.

  Update the VERSION argument <min> value.  Or, use the <min>...<max> syntax
  to tell CMake that the project requires at least <min> but has been updated
  to work with policies introduced by <max> or earlier.


-- Found ament_cmake: 1.3.11 (/Users/pj/.local/share/mamba/envs/ros_env/share/ament_cmake/cmake)
-- Found nav2_common: 1.1.18 (/Users/pj/Projects/GPTPet/code/gpt-pet-v2/ros2_ws/src/server/install/nav2_common/share/nav2_common/cmake)
-- Found nav2_msgs: 1.1.18 (/Users/pj/Projects/GPTPet/code/gpt-pet-v2/ros2_ws/src/server/install/nav2_msgs/share/nav2_msgs/cmake)
-- Found rosidl_generator_c: 3.1.6 (/Users/pj/.local/share/mamba/envs/ros_env/share/rosidl_generator_c/cmake)
-- Found rosidl_adapter: 3.1.6 (/Users/pj/.local/share/mamba/envs/ros_env/share/rosidl_adapter/cmake)
-- Found rosidl_generator_cpp: 3.1.6 (/Users/pj/.local/share/mamba/envs/ros_env/share/rosidl_generator_cpp/cmake)
-- Using all available rosidl_typesupport_c: rosidl_typesupport_fastrtps_c;rosidl_typesupport_introspection_c
-- Using all available rosidl_typesupport_cpp: rosidl_typesupport_fastrtps_cpp;rosidl_typesupport_introspection_cpp
-- Found tf2_ros: 0.25.10 (/Users/pj/.local/share/mamba/envs/ros_env/share/tf2_ros/cmake)
-- Found rmw_implementation_cmake: 6.1.2 (/Users/pj/.local/share/mamba/envs/ros_env/share/rmw_implementation_cmake/cmake)
-- Found rmw_cyclonedds_cpp: 1.3.4 (/Users/pj/.local/share/mamba/envs/ros_env/share/rmw_cyclonedds_cpp/cmake)
-- Using RMW implementation 'rmw_cyclonedds_cpp' as default
-- Found tf2_geometry_msgs: 0.25.10 (/Users/pj/.local/share/mamba/envs/ros_env/share/tf2_geometry_msgs/cmake)
-- Found eigen3_cmake_module: 0.1.1 (/Users/pj/.local/share/mamba/envs/ros_env/share/eigen3_cmake_module/cmake)
-- Ensuring Eigen3 include directory is part of orocos-kdl CMake target
-- Found lifecycle_msgs: 1.2.1 (/Users/pj/.local/share/mamba/envs/ros_env/share/lifecycle_msgs/cmake)
-- Found rclcpp_lifecycle: 16.0.11 (/Users/pj/.local/share/mamba/envs/ros_env/share/rclcpp_lifecycle/cmake)
-- Found bondcpp: 3.0.2 (/Users/pj/.local/share/mamba/envs/ros_env/share/bondcpp/cmake)
CMake Warning (dev) at src/CMakeLists.txt:31 (find_package):
  Policy CMP0167 is not set: The FindBoost module is removed.  Run "cmake
  --help-policy CMP0167" for policy details.  Use the cmake_policy command to
  set the policy and suppress this warning.

This warning is for project developers.  Use -Wno-dev to suppress it.

-- Found ament_lint_auto: 0.12.11 (/Users/pj/.local/share/mamba/envs/ros_env/share/ament_lint_auto/cmake)
-- Found ament_cmake_pytest: 1.3.11 (/Users/pj/.local/share/mamba/envs/ros_env/share/ament_cmake_pytest/cmake)
-- Found launch_testing_ament_cmake: 1.0.7 (/Users/pj/.local/share/mamba/envs/ros_env/share/launch_testing_ament_cmake/cmake)
-- Found python_cmake_module: 0.10.0 (/Users/pj/.local/share/mamba/envs/ros_env/share/python_cmake_module/cmake)
CMake Warning (dev) at /Users/pj/.local/share/mamba/envs/ros_env/share/python_cmake_module/cmake/Modules/FindPythonExtra.cmake:52 (find_package):
  Policy CMP0148 is not set: The FindPythonInterp and FindPythonLibs modules
  are removed.  Run "cmake --help-policy CMP0148" for policy details.  Use
  the cmake_policy command to set the policy and suppress this warning.

Call Stack (most recent call first):
  /Users/pj/.local/share/mamba/envs/ros_env/share/launch_testing_ament_cmake/cmake/launch_testing_ament_cmake-extras.cmake:18 (find_package)
  /Users/pj/.local/share/mamba/envs/ros_env/share/launch_testing_ament_cmake/cmake/launch_testing_ament_cmakeConfig.cmake:41 (include)
  CMakeLists.txt:52 (find_package)
This warning is for project developers.  Use -Wno-dev to suppress it.

-- Using PythonExtra_INCLUDE_DIRS: /Users/pj/.local/share/mamba/envs/ros_env/include/python3.11;/Users/pj/.local/share/mamba/envs/ros_env/include/python3.11
-- Using PythonExtra_LIBRARIES: /Users/pj/.local/share/mamba/envs/ros_env/lib/libpython3.11.dylib
-- Found gtest sources under '/Users/pj/.local/share/mamba/envs/ros_env/src/gtest_vendor': C++ tests using 'Google Test' will be built
CMake Deprecation Warning at /Users/pj/.local/share/mamba/envs/ros_env/src/gtest_vendor/CMakeLists.txt:2 (cmake_minimum_required):
  Compatibility with CMake < 3.10 will be removed from a future version of
  CMake.

  Update the VERSION argument <min> value.  Or, use the <min>...<max> syntax
  to tell CMake that the project requires at least <min> but has been updated
  to work with policies introduced by <max> or earlier.


-- Added test 'copyright' to check source files copyright and LICENSE
-- Added test 'cppcheck' to perform static code analysis on C / C++ code
-- Configured cppcheck include dirs: /Users/pj/Projects/GPTPet/code/gpt-pet-v2/ros2_ws/src/server/src/navigation2/nav2_util/include
-- Configured cppcheck exclude dirs and/or files: 
-- Added test 'cpplint' to check C / C++ code against the Google style
-- Configured cpplint exclude dirs and/or files: 
-- Added test 'lint_cmake' to check CMake code style
-- Added test 'uncrustify' to check C / C++ code style
-- Configured uncrustify additional arguments: 
-- Added test 'xmllint' to check XML markup files
-- Configuring done (0.7s)
-- Generating done (0.2s)
-- Build files have been written to: /Users/pj/Projects/GPTPet/code/gpt-pet-v2/ros2_ws/src/server/build/nav2_util
[  5%] Building CXX object gtest/CMakeFiles/gtest_main.dir/src/gtest_main.cc.o
[  5%] Building CXX object gtest/CMakeFiles/gtest.dir/src/gtest-all.cc.o
[ 10%] Building CXX object src/CMakeFiles/nav2_util_core.dir/costmap.cpp.o
[ 10%] Building CXX object src/CMakeFiles/nav2_util_core.dir/node_utils.cpp.o
[ 12%] Building CXX object src/CMakeFiles/nav2_util_core.dir/lifecycle_service_client.cpp.o
[ 15%] Building CXX object src/CMakeFiles/nav2_util_core.dir/lifecycle_utils.cpp.o
[ 17%] Building CXX object src/CMakeFiles/nav2_util_core.dir/lifecycle_node.cpp.o
[ 25%] Building CXX object src/CMakeFiles/nav2_util_core.dir/string_utils.cpp.o
[ 25%] Building CXX object src/CMakeFiles/nav2_util_core.dir/robot_utils.cpp.o
[ 25%] Building CXX object src/CMakeFiles/nav2_util_core.dir/node_thread.cpp.o
[ 27%] Building CXX object src/CMakeFiles/nav2_util_core.dir/odometry_utils.cpp.o
[ 30%] Linking CXX static library libgtest_main.a
[ 30%] Built target gtest_main
In file included from /Users/pj/Projects/GPTPet/code/gpt-pet-v2/ros2_ws/src/server/src/navigation2/nav2_util/src/lifecycle_node.cpp:15:
/Users/pj/Projects/GPTPet/code/gpt-pet-v2/ros2_ws/src/server/src/navigation2/nav2_util/include/nav2_util/lifecycle_node.hpp:25:10: fatal error: 'bondcpp/bond.hpp' file not found
   25 | #include "bondcpp/bond.hpp"
      |          ^~~~~~~~~~~~~~~~~~
1 error generated.
In file included from /Users/pj/Projects/GPTPet/code/gpt-pet-v2/ros2_ws/src/server/src/navigation2/nav2_util/src/odometry_utils.cpp:18:
In file included from /Users/pj/Projects/GPTPet/code/gpt-pet-v2/ros2_ws/src/server/src/navigation2/nav2_util/include/nav2_util/odometry_utils.hpp:29:
/Users/pj/Projects/GPTPet/code/gpt-pet-v2/ros2_ws/src/server/src/navigation2/nav2_util/include/nav2_util/lifecycle_node.hpp:25:10: fatal error: 'bondcpp/bond.hpp' file not found
   25 | #include "bondcpp/bond.hpp"
      |          ^~~~~~~~~~~~~~~~~~
make[2]: *** [src/CMakeFiles/nav2_util_core.dir/build.make:149: src/CMakeFiles/nav2_util_core.dir/lifecycle_node.cpp.o] Error 1
make[2]: *** Waiting for unfinished jobs....
1 error generated.
make[2]: *** [src/CMakeFiles/nav2_util_core.dir/build.make:191: src/CMakeFiles/nav2_util_core.dir/odometry_utils.cpp.o] Error 1
make[1]: *** [CMakeFiles/Makefile2:254: src/CMakeFiles/nav2_util_core.dir/all] Error 2
make[1]: *** Waiting for unfinished jobs....
[ 32%] Linking CXX static library libgtest.a
[ 32%] Built target gtest
make: *** [Makefile:146: all] Error 2
