[0.023s] Invoking command in '/Users/pj/Projects/GPTPet/code/gpt-pet-v2/ros2_ws/src/server/build/nav2_util': AMENT_PREFIX_PATH=/Users/pj/Projects/GPTPet/code/gpt-pet-v2/ros2_ws/src/server/install/nav2_msgs:/Users/pj/Projects/GPTPet/code/gpt-pet-v2/ros2_ws/src/server/install/nav2_common:${AMENT_PREFIX_PATH} CMAKE_PREFIX_PATH=/Users/pj/Projects/GPTPet/code/gpt-pet-v2/ros2_ws/src/server/install/nav2_msgs:/Users/pj/Projects/GPTPet/code/gpt-pet-v2/ros2_ws/src/server/install/nav2_common:/opt/homebrew/opt/qt@5:/Users/pj/.local/share/mamba/envs/ros_env CONDA_PROMPT_MODIFIER=(ros_env) DYLD_LIBRARY_PATH=/Users/pj/Projects/GPTPet/code/gpt-pet-v2/ros2_ws/src/server/install/nav2_msgs/lib PYTHONPATH=/Users/pj/Projects/GPTPet/code/gpt-pet-v2/ros2_ws/src/server/install/nav2_msgs/lib/python3.11/site-packages:/Users/pj/Projects/GPTPet/code/gpt-pet-v2/ros2_ws/src/server/install/nav2_common/lib/python3.11/site-packages:${PYTHONPATH} SHLVL=2 _=/Users/pj/.local/share/mamba/envs/ros_env/bin/env /Users/pj/.local/share/mamba/envs/ros_env/bin/cmake /Users/pj/Projects/GPTPet/code/gpt-pet-v2/ros2_ws/src/server/src/navigation2/nav2_util -DCMAKE_CXX_FLAGS=-Wno-error=deprecated-declarations -DCMAKE_INSTALL_PREFIX=/Users/pj/Projects/GPTPet/code/gpt-pet-v2/ros2_ws/src/server/install/nav2_util
[0.034s] CMake Deprecation Warning at CMakeLists.txt:1 (cmake_minimum_required):
[0.034s]   Compatibility with CMake < 3.10 will be removed from a future version of
[0.034s]   CMake.
[0.034s] 
[0.034s]   Update the VERSION argument <min> value.  Or, use the <min>...<max> syntax
[0.034s]   to tell CMake that the project requires at least <min> but has been updated
[0.034s]   to work with policies introduced by <max> or earlier.
[0.034s] 
[0.034s] 
[0.056s] -- Found ament_cmake: 1.3.11 (/Users/pj/.local/share/mamba/envs/ros_env/share/ament_cmake/cmake)
[0.182s] -- Found nav2_common: 1.1.18 (/Users/pj/Projects/GPTPet/code/gpt-pet-v2/ros2_ws/src/server/install/nav2_common/share/nav2_common/cmake)
[0.182s] -- Found nav2_msgs: 1.1.18 (/Users/pj/Projects/GPTPet/code/gpt-pet-v2/ros2_ws/src/server/install/nav2_msgs/share/nav2_msgs/cmake)
[0.203s] -- Found rosidl_generator_c: 3.1.6 (/Users/pj/.local/share/mamba/envs/ros_env/share/rosidl_generator_c/cmake)
[0.205s] -- Found rosidl_adapter: 3.1.6 (/Users/pj/.local/share/mamba/envs/ros_env/share/rosidl_adapter/cmake)
[0.211s] -- Found rosidl_generator_cpp: 3.1.6 (/Users/pj/.local/share/mamba/envs/ros_env/share/rosidl_generator_cpp/cmake)
[0.221s] -- Using all available rosidl_typesupport_c: rosidl_typesupport_fastrtps_c;rosidl_typesupport_introspection_c
[0.234s] -- Using all available rosidl_typesupport_cpp: rosidl_typesupport_fastrtps_cpp;rosidl_typesupport_introspection_cpp
[0.328s] -- Found tf2_ros: 0.25.10 (/Users/pj/.local/share/mamba/envs/ros_env/share/tf2_ros/cmake)
[0.432s] -- Found rmw_implementation_cmake: 6.1.2 (/Users/pj/.local/share/mamba/envs/ros_env/share/rmw_implementation_cmake/cmake)
[0.434s] -- Found rmw_cyclonedds_cpp: 1.3.4 (/Users/pj/.local/share/mamba/envs/ros_env/share/rmw_cyclonedds_cpp/cmake)
[0.454s] -- Using RMW implementation 'rmw_cyclonedds_cpp' as default
[0.525s] -- Found tf2_geometry_msgs: 0.25.10 (/Users/pj/.local/share/mamba/envs/ros_env/share/tf2_geometry_msgs/cmake)
[0.528s] -- Found eigen3_cmake_module: 0.1.1 (/Users/pj/.local/share/mamba/envs/ros_env/share/eigen3_cmake_module/cmake)
[0.530s] -- Ensuring Eigen3 include directory is part of orocos-kdl CMake target
[0.531s] -- Found lifecycle_msgs: 1.2.1 (/Users/pj/.local/share/mamba/envs/ros_env/share/lifecycle_msgs/cmake)
[0.541s] -- Found rclcpp_lifecycle: 16.0.11 (/Users/pj/.local/share/mamba/envs/ros_env/share/rclcpp_lifecycle/cmake)
[0.549s] -- Found bondcpp: 3.0.2 (/Users/pj/.local/share/mamba/envs/ros_env/share/bondcpp/cmake)
[0.572s] CMake Warning (dev) at src/CMakeLists.txt:31 (find_package):
[0.572s]   Policy CMP0167 is not set: The FindBoost module is removed.  Run "cmake
[0.572s]   --help-policy CMP0167" for policy details.  Use the cmake_policy command to
[0.572s]   set the policy and suppress this warning.
[0.572s] 
[0.572s] This warning is for project developers.  Use -Wno-dev to suppress it.
[0.572s] 
[0.576s] -- Found ament_lint_auto: 0.12.11 (/Users/pj/.local/share/mamba/envs/ros_env/share/ament_lint_auto/cmake)
[0.577s] -- Found ament_cmake_pytest: 1.3.11 (/Users/pj/.local/share/mamba/envs/ros_env/share/ament_cmake_pytest/cmake)
[0.577s] -- Found launch_testing_ament_cmake: 1.0.7 (/Users/pj/.local/share/mamba/envs/ros_env/share/launch_testing_ament_cmake/cmake)
[0.578s] -- Found python_cmake_module: 0.10.0 (/Users/pj/.local/share/mamba/envs/ros_env/share/python_cmake_module/cmake)
[0.578s] CMake Warning (dev) at /Users/pj/.local/share/mamba/envs/ros_env/share/python_cmake_module/cmake/Modules/FindPythonExtra.cmake:52 (find_package):
[0.578s]   Policy CMP0148 is not set: The FindPythonInterp and FindPythonLibs modules
[0.578s]   are removed.  Run "cmake --help-policy CMP0148" for policy details.  Use
[0.578s]   the cmake_policy command to set the policy and suppress this warning.
[0.578s] 
[0.578s] Call Stack (most recent call first):
[0.578s]   /Users/pj/.local/share/mamba/envs/ros_env/share/launch_testing_ament_cmake/cmake/launch_testing_ament_cmake-extras.cmake:18 (find_package)
[0.578s]   /Users/pj/.local/share/mamba/envs/ros_env/share/launch_testing_ament_cmake/cmake/launch_testing_ament_cmakeConfig.cmake:41 (include)
[0.578s]   CMakeLists.txt:52 (find_package)
[0.578s] This warning is for project developers.  Use -Wno-dev to suppress it.
[0.578s] 
[0.589s] -- Using PythonExtra_INCLUDE_DIRS: /Users/pj/.local/share/mamba/envs/ros_env/include/python3.11;/Users/pj/.local/share/mamba/envs/ros_env/include/python3.11
[0.589s] -- Using PythonExtra_LIBRARIES: /Users/pj/.local/share/mamba/envs/ros_env/lib/libpython3.11.dylib
[0.695s] -- Found gtest sources under '/Users/pj/.local/share/mamba/envs/ros_env/src/gtest_vendor': C++ tests using 'Google Test' will be built
[0.695s] CMake Deprecation Warning at /Users/pj/.local/share/mamba/envs/ros_env/src/gtest_vendor/CMakeLists.txt:2 (cmake_minimum_required):
[0.695s]   Compatibility with CMake < 3.10 will be removed from a future version of
[0.695s]   CMake.
[0.696s] 
[0.696s]   Update the VERSION argument <min> value.  Or, use the <min>...<max> syntax
[0.696s]   to tell CMake that the project requires at least <min> but has been updated
[0.696s]   to work with policies introduced by <max> or earlier.
[0.696s] 
[0.696s] 
[0.720s] -- Added test 'copyright' to check source files copyright and LICENSE
[0.722s] -- Added test 'cppcheck' to perform static code analysis on C / C++ code
[0.722s] -- Configured cppcheck include dirs: /Users/pj/Projects/GPTPet/code/gpt-pet-v2/ros2_ws/src/server/src/navigation2/nav2_util/include
[0.722s] -- Configured cppcheck exclude dirs and/or files: 
[0.724s] -- Added test 'cpplint' to check C / C++ code against the Google style
[0.724s] -- Configured cpplint exclude dirs and/or files: 
[0.725s] -- Added test 'lint_cmake' to check CMake code style
[0.727s] -- Added test 'uncrustify' to check C / C++ code style
[0.727s] -- Configured uncrustify additional arguments: 
[0.727s] -- Added test 'xmllint' to check XML markup files
[0.729s] -- Configuring done (0.7s)
[0.973s] -- Generating done (0.2s)
[0.974s] -- Build files have been written to: /Users/pj/Projects/GPTPet/code/gpt-pet-v2/ros2_ws/src/server/build/nav2_util
[0.982s] Invoked command in '/Users/pj/Projects/GPTPet/code/gpt-pet-v2/ros2_ws/src/server/build/nav2_util' returned '0': AMENT_PREFIX_PATH=/Users/pj/Projects/GPTPet/code/gpt-pet-v2/ros2_ws/src/server/install/nav2_msgs:/Users/pj/Projects/GPTPet/code/gpt-pet-v2/ros2_ws/src/server/install/nav2_common:${AMENT_PREFIX_PATH} CMAKE_PREFIX_PATH=/Users/pj/Projects/GPTPet/code/gpt-pet-v2/ros2_ws/src/server/install/nav2_msgs:/Users/pj/Projects/GPTPet/code/gpt-pet-v2/ros2_ws/src/server/install/nav2_common:/opt/homebrew/opt/qt@5:/Users/pj/.local/share/mamba/envs/ros_env CONDA_PROMPT_MODIFIER=(ros_env) DYLD_LIBRARY_PATH=/Users/pj/Projects/GPTPet/code/gpt-pet-v2/ros2_ws/src/server/install/nav2_msgs/lib PYTHONPATH=/Users/pj/Projects/GPTPet/code/gpt-pet-v2/ros2_ws/src/server/install/nav2_msgs/lib/python3.11/site-packages:/Users/pj/Projects/GPTPet/code/gpt-pet-v2/ros2_ws/src/server/install/nav2_common/lib/python3.11/site-packages:${PYTHONPATH} SHLVL=2 _=/Users/pj/.local/share/mamba/envs/ros_env/bin/env /Users/pj/.local/share/mamba/envs/ros_env/bin/cmake /Users/pj/Projects/GPTPet/code/gpt-pet-v2/ros2_ws/src/server/src/navigation2/nav2_util -DCMAKE_CXX_FLAGS=-Wno-error=deprecated-declarations -DCMAKE_INSTALL_PREFIX=/Users/pj/Projects/GPTPet/code/gpt-pet-v2/ros2_ws/src/server/install/nav2_util
[0.984s] Invoking command in '/Users/pj/Projects/GPTPet/code/gpt-pet-v2/ros2_ws/src/server/build/nav2_util': AMENT_PREFIX_PATH=/Users/pj/Projects/GPTPet/code/gpt-pet-v2/ros2_ws/src/server/install/nav2_msgs:/Users/pj/Projects/GPTPet/code/gpt-pet-v2/ros2_ws/src/server/install/nav2_common:${AMENT_PREFIX_PATH} CMAKE_PREFIX_PATH=/Users/pj/Projects/GPTPet/code/gpt-pet-v2/ros2_ws/src/server/install/nav2_msgs:/Users/pj/Projects/GPTPet/code/gpt-pet-v2/ros2_ws/src/server/install/nav2_common:/opt/homebrew/opt/qt@5:/Users/pj/.local/share/mamba/envs/ros_env CONDA_PROMPT_MODIFIER=(ros_env) DYLD_LIBRARY_PATH=/Users/pj/Projects/GPTPet/code/gpt-pet-v2/ros2_ws/src/server/install/nav2_msgs/lib PYTHONPATH=/Users/pj/Projects/GPTPet/code/gpt-pet-v2/ros2_ws/src/server/install/nav2_msgs/lib/python3.11/site-packages:/Users/pj/Projects/GPTPet/code/gpt-pet-v2/ros2_ws/src/server/install/nav2_common/lib/python3.11/site-packages:${PYTHONPATH} SHLVL=2 _=/Users/pj/.local/share/mamba/envs/ros_env/bin/env /Users/pj/.local/share/mamba/envs/ros_env/bin/cmake --build /Users/pj/Projects/GPTPet/code/gpt-pet-v2/ros2_ws/src/server/build/nav2_util -- -j14 -l14
[1.095s] [  5%] Building CXX object gtest/CMakeFiles/gtest_main.dir/src/gtest_main.cc.o
[1.095s] [  5%] Building CXX object gtest/CMakeFiles/gtest.dir/src/gtest-all.cc.o
[1.185s] [ 10%] Building CXX object src/CMakeFiles/nav2_util_core.dir/costmap.cpp.o
[1.185s] [ 10%] Building CXX object src/CMakeFiles/nav2_util_core.dir/node_utils.cpp.o
[1.187s] [ 12%] Building CXX object src/CMakeFiles/nav2_util_core.dir/lifecycle_service_client.cpp.o
[1.190s] [ 15%] Building CXX object src/CMakeFiles/nav2_util_core.dir/lifecycle_utils.cpp.o
[1.193s] [ 17%] Building CXX object src/CMakeFiles/nav2_util_core.dir/lifecycle_node.cpp.o
[1.196s] [ 25%] Building CXX object src/CMakeFiles/nav2_util_core.dir/string_utils.cpp.o
[1.196s] [ 25%] Building CXX object src/CMakeFiles/nav2_util_core.dir/robot_utils.cpp.o
[1.196s] [ 25%] Building CXX object src/CMakeFiles/nav2_util_core.dir/node_thread.cpp.o
[1.196s] [ 27%] Building CXX object src/CMakeFiles/nav2_util_core.dir/odometry_utils.cpp.o
[1.802s] [ 30%] Linking CXX static library libgtest_main.a
[1.912s] [ 30%] Built target gtest_main
[2.290s] In file included from /Users/pj/Projects/GPTPet/code/gpt-pet-v2/ros2_ws/src/server/src/navigation2/nav2_util/src/lifecycle_node.cpp:15:
[2.290s] /Users/pj/Projects/GPTPet/code/gpt-pet-v2/ros2_ws/src/server/src/navigation2/nav2_util/include/nav2_util/lifecycle_node.hpp:25:10: fatal error: 'bondcpp/bond.hpp' file not found
[2.290s]    25 | #include "bondcpp/bond.hpp"
[2.290s]       |          ^~~~~~~~~~~~~~~~~~
[2.295s] 1 error generated.
[2.300s] In file included from /Users/pj/Projects/GPTPet/code/gpt-pet-v2/ros2_ws/src/server/src/navigation2/nav2_util/src/odometry_utils.cpp:18:
[2.300s] In file included from /Users/pj/Projects/GPTPet/code/gpt-pet-v2/ros2_ws/src/server/src/navigation2/nav2_util/include/nav2_util/odometry_utils.hpp:29:
[2.300s] /Users/pj/Projects/GPTPet/code/gpt-pet-v2/ros2_ws/src/server/src/navigation2/nav2_util/include/nav2_util/lifecycle_node.hpp:25:10: fatal error: 'bondcpp/bond.hpp' file not found
[2.300s]    25 | #include "bondcpp/bond.hpp"
[2.300s]       |          ^~~~~~~~~~~~~~~~~~
[2.301s] make[2]: *** [src/CMakeFiles/nav2_util_core.dir/build.make:149: src/CMakeFiles/nav2_util_core.dir/lifecycle_node.cpp.o] Error 1
[2.301s] make[2]: *** Waiting for unfinished jobs....
[2.303s] 1 error generated.
[2.308s] make[2]: *** [src/CMakeFiles/nav2_util_core.dir/build.make:191: src/CMakeFiles/nav2_util_core.dir/odometry_utils.cpp.o] Error 1
[3.143s] make[1]: *** [CMakeFiles/Makefile2:254: src/CMakeFiles/nav2_util_core.dir/all] Error 2
[3.143s] make[1]: *** Waiting for unfinished jobs....
[3.801s] [ 32%] Linking CXX static library libgtest.a
[3.873s] [ 32%] Built target gtest
[3.873s] make: *** [Makefile:146: all] Error 2
[3.875s] Invoked command in '/Users/pj/Projects/GPTPet/code/gpt-pet-v2/ros2_ws/src/server/build/nav2_util' returned '2': AMENT_PREFIX_PATH=/Users/pj/Projects/GPTPet/code/gpt-pet-v2/ros2_ws/src/server/install/nav2_msgs:/Users/pj/Projects/GPTPet/code/gpt-pet-v2/ros2_ws/src/server/install/nav2_common:${AMENT_PREFIX_PATH} CMAKE_PREFIX_PATH=/Users/pj/Projects/GPTPet/code/gpt-pet-v2/ros2_ws/src/server/install/nav2_msgs:/Users/pj/Projects/GPTPet/code/gpt-pet-v2/ros2_ws/src/server/install/nav2_common:/opt/homebrew/opt/qt@5:/Users/pj/.local/share/mamba/envs/ros_env CONDA_PROMPT_MODIFIER=(ros_env) DYLD_LIBRARY_PATH=/Users/pj/Projects/GPTPet/code/gpt-pet-v2/ros2_ws/src/server/install/nav2_msgs/lib PYTHONPATH=/Users/pj/Projects/GPTPet/code/gpt-pet-v2/ros2_ws/src/server/install/nav2_msgs/lib/python3.11/site-packages:/Users/pj/Projects/GPTPet/code/gpt-pet-v2/ros2_ws/src/server/install/nav2_common/lib/python3.11/site-packages:${PYTHONPATH} SHLVL=2 _=/Users/pj/.local/share/mamba/envs/ros_env/bin/env /Users/pj/.local/share/mamba/envs/ros_env/bin/cmake --build /Users/pj/Projects/GPTPet/code/gpt-pet-v2/ros2_ws/src/server/build/nav2_util -- -j14 -l14
