[0.026s] Invoking command in '/Users/pj/Projects/GPTPet/code/gpt-pet-v2/ros2_ws/src/server/build/nav2_util': AMENT_PREFIX_PATH=/Users/pj/Projects/GPTPet/code/gpt-pet-v2/ros2_ws/src/server/install/nav2_msgs:/Users/pj/Projects/GPTPet/code/gpt-pet-v2/ros2_ws/src/server/install/nav2_common:${AMENT_PREFIX_PATH} CMAKE_PREFIX_PATH=/Users/pj/Projects/GPTPet/code/gpt-pet-v2/ros2_ws/src/server/install/nav2_msgs:/Users/pj/Projects/GPTPet/code/gpt-pet-v2/ros2_ws/src/server/install/nav2_common:/opt/homebrew/opt/qt@5:/Users/pj/.local/share/mamba/envs/ros_env CONDA_PROMPT_MODIFIER=(ros_env) DYLD_LIBRARY_PATH=/Users/pj/Projects/GPTPet/code/gpt-pet-v2/ros2_ws/src/server/install/nav2_msgs/lib PYTHONPATH=/Users/pj/Projects/GPTPet/code/gpt-pet-v2/ros2_ws/src/server/install/nav2_msgs/lib/python3.11/site-packages:/Users/pj/Projects/GPTPet/code/gpt-pet-v2/ros2_ws/src/server/install/nav2_common/lib/python3.11/site-packages:${PYTHONPATH} SHLVL=2 _=/Users/pj/.local/share/mamba/envs/ros_env/bin/env /Users/pj/.local/share/mamba/envs/ros_env/bin/cmake /Users/pj/Projects/GPTPet/code/gpt-pet-v2/ros2_ws/src/server/src/navigation2/nav2_util -DCMAKE_INSTALL_PREFIX=/Users/pj/Projects/GPTPet/code/gpt-pet-v2/ros2_ws/src/server/install/nav2_util
[0.153s] CMake Deprecation Warning at CMakeLists.txt:1 (cmake_minimum_required):
[0.153s]   Compatibility with CMake < 3.10 will be removed from a future version of
[0.153s]   CMake.
[0.153s] 
[0.153s]   Update the VERSION argument <min> value.  Or, use the <min>...<max> syntax
[0.153s]   to tell CMake that the project requires at least <min> but has been updated
[0.153s]   to work with policies introduced by <max> or earlier.
[0.153s] 
[0.153s] 
[0.192s] -- Found ament_cmake: 1.3.11 (/Users/pj/.local/share/mamba/envs/ros_env/share/ament_cmake/cmake)
[0.354s] -- Found nav2_common: 1.1.18 (/Users/pj/Projects/GPTPet/code/gpt-pet-v2/ros2_ws/src/server/install/nav2_common/share/nav2_common/cmake)
[0.355s] -- Found nav2_msgs: 1.1.18 (/Users/pj/Projects/GPTPet/code/gpt-pet-v2/ros2_ws/src/server/install/nav2_msgs/share/nav2_msgs/cmake)
[0.383s] -- Found rosidl_generator_c: 3.1.6 (/Users/pj/.local/share/mamba/envs/ros_env/share/rosidl_generator_c/cmake)
[0.386s] -- Found rosidl_adapter: 3.1.6 (/Users/pj/.local/share/mamba/envs/ros_env/share/rosidl_adapter/cmake)
[0.395s] -- Found rosidl_generator_cpp: 3.1.6 (/Users/pj/.local/share/mamba/envs/ros_env/share/rosidl_generator_cpp/cmake)
[0.408s] -- Using all available rosidl_typesupport_c: rosidl_typesupport_fastrtps_c;rosidl_typesupport_introspection_c
[0.428s] -- Using all available rosidl_typesupport_cpp: rosidl_typesupport_fastrtps_cpp;rosidl_typesupport_introspection_cpp
[0.549s] -- Found tf2_ros: 0.25.10 (/Users/pj/.local/share/mamba/envs/ros_env/share/tf2_ros/cmake)
[0.677s] -- Found rmw_implementation_cmake: 6.1.2 (/Users/pj/.local/share/mamba/envs/ros_env/share/rmw_implementation_cmake/cmake)
[0.679s] -- Found rmw_cyclonedds_cpp: 1.3.4 (/Users/pj/.local/share/mamba/envs/ros_env/share/rmw_cyclonedds_cpp/cmake)
[0.705s] -- Using RMW implementation 'rmw_cyclonedds_cpp' as default
[0.799s] -- Found tf2_geometry_msgs: 0.25.10 (/Users/pj/.local/share/mamba/envs/ros_env/share/tf2_geometry_msgs/cmake)
[0.804s] -- Found eigen3_cmake_module: 0.1.1 (/Users/pj/.local/share/mamba/envs/ros_env/share/eigen3_cmake_module/cmake)
[0.805s] -- Ensuring Eigen3 include directory is part of orocos-kdl CMake target
[0.807s] -- Found lifecycle_msgs: 1.2.1 (/Users/pj/.local/share/mamba/envs/ros_env/share/lifecycle_msgs/cmake)
[0.820s] -- Found rclcpp_lifecycle: 16.0.11 (/Users/pj/.local/share/mamba/envs/ros_env/share/rclcpp_lifecycle/cmake)
[0.829s] -- Found bondcpp: 3.0.2 (/Users/pj/.local/share/mamba/envs/ros_env/share/bondcpp/cmake)
[0.855s] CMake Warning (dev) at src/CMakeLists.txt:31 (find_package):
[0.855s]   Policy CMP0167 is not set: The FindBoost module is removed.  Run "cmake
[0.855s]   --help-policy CMP0167" for policy details.  Use the cmake_policy command to
[0.855s]   set the policy and suppress this warning.
[0.855s] 
[0.855s] This warning is for project developers.  Use -Wno-dev to suppress it.
[0.855s] 
[0.860s] -- Found ament_lint_auto: 0.12.11 (/Users/pj/.local/share/mamba/envs/ros_env/share/ament_lint_auto/cmake)
[0.862s] -- Found ament_cmake_pytest: 1.3.11 (/Users/pj/.local/share/mamba/envs/ros_env/share/ament_cmake_pytest/cmake)
[0.863s] -- Found launch_testing_ament_cmake: 1.0.7 (/Users/pj/.local/share/mamba/envs/ros_env/share/launch_testing_ament_cmake/cmake)
[0.864s] -- Found python_cmake_module: 0.10.0 (/Users/pj/.local/share/mamba/envs/ros_env/share/python_cmake_module/cmake)
[0.865s] CMake Warning (dev) at /Users/pj/.local/share/mamba/envs/ros_env/share/python_cmake_module/cmake/Modules/FindPythonExtra.cmake:52 (find_package):
[0.865s]   Policy CMP0148 is not set: The FindPythonInterp and FindPythonLibs modules
[0.865s]   are removed.  Run "cmake --help-policy CMP0148" for policy details.  Use
[0.865s]   the cmake_policy command to set the policy and suppress this warning.
[0.865s] 
[0.865s] Call Stack (most recent call first):
[0.865s]   /Users/pj/.local/share/mamba/envs/ros_env/share/launch_testing_ament_cmake/cmake/launch_testing_ament_cmake-extras.cmake:18 (find_package)
[0.865s]   /Users/pj/.local/share/mamba/envs/ros_env/share/launch_testing_ament_cmake/cmake/launch_testing_ament_cmakeConfig.cmake:41 (include)
[0.865s]   CMakeLists.txt:52 (find_package)
[0.865s] This warning is for project developers.  Use -Wno-dev to suppress it.
[0.865s] 
[0.876s] -- Using PythonExtra_INCLUDE_DIRS: /Users/pj/.local/share/mamba/envs/ros_env/include/python3.11;/Users/pj/.local/share/mamba/envs/ros_env/include/python3.11
[0.876s] -- Using PythonExtra_LIBRARIES: /Users/pj/.local/share/mamba/envs/ros_env/lib/libpython3.11.dylib
[0.997s] -- Found gtest sources under '/Users/pj/.local/share/mamba/envs/ros_env/src/gtest_vendor': C++ tests using 'Google Test' will be built
[0.998s] CMake Deprecation Warning at /Users/pj/.local/share/mamba/envs/ros_env/src/gtest_vendor/CMakeLists.txt:2 (cmake_minimum_required):
[0.998s]   Compatibility with CMake < 3.10 will be removed from a future version of
[0.998s]   CMake.
[0.998s] 
[0.998s]   Update the VERSION argument <min> value.  Or, use the <min>...<max> syntax
[0.998s]   to tell CMake that the project requires at least <min> but has been updated
[0.998s]   to work with policies introduced by <max> or earlier.
[0.998s] 
[0.998s] 
[1.023s] -- Added test 'copyright' to check source files copyright and LICENSE
[1.025s] -- Added test 'cppcheck' to perform static code analysis on C / C++ code
[1.025s] -- Configured cppcheck include dirs: /Users/pj/Projects/GPTPet/code/gpt-pet-v2/ros2_ws/src/server/src/navigation2/nav2_util/include
[1.025s] -- Configured cppcheck exclude dirs and/or files: 
[1.027s] -- Added test 'cpplint' to check C / C++ code against the Google style
[1.027s] -- Configured cpplint exclude dirs and/or files: 
[1.029s] -- Added test 'lint_cmake' to check CMake code style
[1.031s] -- Added test 'uncrustify' to check C / C++ code style
[1.031s] -- Configured uncrustify additional arguments: 
[1.032s] -- Added test 'xmllint' to check XML markup files
[1.037s] -- Configuring done (0.9s)
[1.290s] -- Generating done (0.3s)
[1.290s] -- Build files have been written to: /Users/pj/Projects/GPTPet/code/gpt-pet-v2/ros2_ws/src/server/build/nav2_util
[1.299s] Invoked command in '/Users/pj/Projects/GPTPet/code/gpt-pet-v2/ros2_ws/src/server/build/nav2_util' returned '0': AMENT_PREFIX_PATH=/Users/pj/Projects/GPTPet/code/gpt-pet-v2/ros2_ws/src/server/install/nav2_msgs:/Users/pj/Projects/GPTPet/code/gpt-pet-v2/ros2_ws/src/server/install/nav2_common:${AMENT_PREFIX_PATH} CMAKE_PREFIX_PATH=/Users/pj/Projects/GPTPet/code/gpt-pet-v2/ros2_ws/src/server/install/nav2_msgs:/Users/pj/Projects/GPTPet/code/gpt-pet-v2/ros2_ws/src/server/install/nav2_common:/opt/homebrew/opt/qt@5:/Users/pj/.local/share/mamba/envs/ros_env CONDA_PROMPT_MODIFIER=(ros_env) DYLD_LIBRARY_PATH=/Users/pj/Projects/GPTPet/code/gpt-pet-v2/ros2_ws/src/server/install/nav2_msgs/lib PYTHONPATH=/Users/pj/Projects/GPTPet/code/gpt-pet-v2/ros2_ws/src/server/install/nav2_msgs/lib/python3.11/site-packages:/Users/pj/Projects/GPTPet/code/gpt-pet-v2/ros2_ws/src/server/install/nav2_common/lib/python3.11/site-packages:${PYTHONPATH} SHLVL=2 _=/Users/pj/.local/share/mamba/envs/ros_env/bin/env /Users/pj/.local/share/mamba/envs/ros_env/bin/cmake /Users/pj/Projects/GPTPet/code/gpt-pet-v2/ros2_ws/src/server/src/navigation2/nav2_util -DCMAKE_INSTALL_PREFIX=/Users/pj/Projects/GPTPet/code/gpt-pet-v2/ros2_ws/src/server/install/nav2_util
[1.299s] Invoking command in '/Users/pj/Projects/GPTPet/code/gpt-pet-v2/ros2_ws/src/server/build/nav2_util': AMENT_PREFIX_PATH=/Users/pj/Projects/GPTPet/code/gpt-pet-v2/ros2_ws/src/server/install/nav2_msgs:/Users/pj/Projects/GPTPet/code/gpt-pet-v2/ros2_ws/src/server/install/nav2_common:${AMENT_PREFIX_PATH} CMAKE_PREFIX_PATH=/Users/pj/Projects/GPTPet/code/gpt-pet-v2/ros2_ws/src/server/install/nav2_msgs:/Users/pj/Projects/GPTPet/code/gpt-pet-v2/ros2_ws/src/server/install/nav2_common:/opt/homebrew/opt/qt@5:/Users/pj/.local/share/mamba/envs/ros_env CONDA_PROMPT_MODIFIER=(ros_env) DYLD_LIBRARY_PATH=/Users/pj/Projects/GPTPet/code/gpt-pet-v2/ros2_ws/src/server/install/nav2_msgs/lib PYTHONPATH=/Users/pj/Projects/GPTPet/code/gpt-pet-v2/ros2_ws/src/server/install/nav2_msgs/lib/python3.11/site-packages:/Users/pj/Projects/GPTPet/code/gpt-pet-v2/ros2_ws/src/server/install/nav2_common/lib/python3.11/site-packages:${PYTHONPATH} SHLVL=2 _=/Users/pj/.local/share/mamba/envs/ros_env/bin/env /Users/pj/.local/share/mamba/envs/ros_env/bin/cmake --build /Users/pj/Projects/GPTPet/code/gpt-pet-v2/ros2_ws/src/server/build/nav2_util -- -j14 -l14
[1.429s] [  2%] Building CXX object src/CMakeFiles/nav2_util_core.dir/odometry_utils.cpp.o
[1.433s] [  5%] Building CXX object gtest/CMakeFiles/gtest_main.dir/src/gtest_main.cc.o
[1.441s] [  7%] Building CXX object src/CMakeFiles/nav2_util_core.dir/robot_utils.cpp.o
[1.441s] [ 10%] Building CXX object src/CMakeFiles/nav2_util_core.dir/node_thread.cpp.o
[1.441s] [ 12%] Building CXX object gtest/CMakeFiles/gtest.dir/src/gtest-all.cc.o
[1.442s] [ 15%] Building CXX object src/CMakeFiles/nav2_util_core.dir/lifecycle_utils.cpp.o
[1.442s] [ 17%] Building CXX object src/CMakeFiles/nav2_util_core.dir/costmap.cpp.o
[1.444s] [ 20%] Building CXX object src/CMakeFiles/nav2_util_core.dir/lifecycle_node.cpp.o
[1.445s] [ 25%] Building CXX object src/CMakeFiles/nav2_util_core.dir/lifecycle_service_client.cpp.o
[1.446s] [ 25%] Building CXX object src/CMakeFiles/nav2_util_core.dir/string_utils.cpp.o
[1.446s] [ 27%] Building CXX object src/CMakeFiles/nav2_util_core.dir/node_utils.cpp.o
[2.498s] [ 30%] Linking CXX static library libgtest_main.a
[2.598s] [ 30%] Built target gtest_main
[3.460s] In file included from /Users/pj/Projects/GPTPet/code/gpt-pet-v2/ros2_ws/src/server/src/navigation2/nav2_util/src/odometry_utils.cpp:18:
[3.460s] In file included from /Users/pj/Projects/GPTPet/code/gpt-pet-v2/ros2_ws/src/server/src/navigation2/nav2_util/include/nav2_util/odometry_utils.hpp:29:
[3.460s] In file included from /Users/pj/Projects/GPTPet/code/gpt-pet-v2/ros2_ws/src/server/src/navigation2/nav2_util/include/nav2_util/lifecycle_node.hpp:22:
[3.460s] In file included from /Users/pj/Projects/GPTPet/code/gpt-pet-v2/ros2_ws/src/server/src/navigation2/nav2_util/include/nav2_util/node_thread.hpp:20:
[3.460s] In file included from /Users/pj/.local/share/mamba/envs/ros_env/include/rclcpp/rclcpp/rclcpp.hpp:155:
[3.460s] In file included from /Users/pj/.local/share/mamba/envs/ros_env/include/rclcpp/rclcpp/executors.hpp:21:
[3.460s] In file included from /Users/pj/.local/share/mamba/envs/ros_env/include/rclcpp/rclcpp/executors/multi_threaded_executor.hpp:25:
[3.460s] In file included from /Users/pj/.local/share/mamba/envs/ros_env/include/rclcpp/rclcpp/executor.hpp:37:
[3.460s] In file included from /Users/pj/.local/share/mamba/envs/ros_env/include/rclcpp/rclcpp/executor_options.hpp:20:
[3.460s] In file included from /Users/pj/.local/share/mamba/envs/ros_env/include/rclcpp/rclcpp/memory_strategies.hpp:18:
[3.460s] In file included from /Users/pj/.local/share/mamba/envs/ros_env/include/rclcpp/rclcpp/memory_strategy.hpp:25:
[3.460s] In file included from /Users/pj/.local/share/mamba/envs/ros_env/include/rclcpp/rclcpp/any_executable.hpp:20:
[3.460s] In file included from /Users/pj/.local/share/mamba/envs/ros_env/include/rclcpp/rclcpp/callback_group.hpp:29:
[3.460s] In file included from /Users/pj/.local/share/mamba/envs/ros_env/include/rclcpp/rclcpp/subscription_base.hpp:32:
[3.460s] /Users/pj/.local/share/mamba/envs/ros_env/include/rclcpp/rclcpp/any_subscription_callback.hpp:391:7: error: 'set_deprecated<nav_msgs::msg::Odometry_<std::allocator<void>>>' is deprecated: use 'void(std::shared_ptr<const MessageT>)' instead [-Werror,-Wdeprecated-declarations]
[3.460s]   391 |       set_deprecated(static_cast<typename scbth::callback_type>(callback));
[3.460s]       |       ^
[3.460s] /Users/pj/.local/share/mamba/envs/ros_env/include/rclcpp/rclcpp/subscription_factory.hpp:94:29: note: in instantiation of function template specialization 'rclcpp::AnySubscriptionCallback<nav_msgs::msg::Odometry_<std::allocator<void>>>::set<std::__bind<void (nav2_util::OdomSmoother::*)(std::shared_ptr<nav_msgs::msg::Odometry_<std::allocator<void>>>), nav2_util::OdomSmoother *, const std::placeholders::__ph<1> &>>' requested here
[3.460s]    94 |   any_subscription_callback.set(std::forward<CallbackT>(callback));
[3.460s]       |                             ^
[3.460s] /Users/pj/.local/share/mamba/envs/ros_env/include/rclcpp/rclcpp/create_subscription.hpp:122:26: note: in instantiation of function template specialization 'rclcpp::create_subscription_factory<nav_msgs::msg::Odometry_<std::allocator<void>>, std::__bind<void (nav2_util::OdomSmoother::*)(std::shared_ptr<nav_msgs::msg::Odometry_<std::allocator<void>>>), nav2_util::OdomSmoother *, const std::placeholders::__ph<1> &>, std::allocator<void>, rclcpp::Subscription<nav_msgs::msg::Odometry_<std::allocator<void>>>, rclcpp::message_memory_strategy::MessageMemoryStrategy<nav_msgs::msg::Odometry_<std::allocator<void>>>, nav_msgs::msg::Odometry_<std::allocator<void>>>' requested here
[3.460s]   122 |   auto factory = rclcpp::create_subscription_factory<MessageT>(
[3.460s]       |                          ^
[3.460s] /Users/pj/.local/share/mamba/envs/ros_env/include/rclcpp/rclcpp/create_subscription.hpp:190:26: note: in instantiation of function template specialization 'rclcpp::detail::create_subscription<nav_msgs::msg::Odometry_<std::allocator<void>>, std::__bind<void (nav2_util::OdomSmoother::*)(std::shared_ptr<nav_msgs::msg::Odometry_<std::allocator<void>>>), nav2_util::OdomSmoother *, const std::placeholders::__ph<1> &>, std::allocator<void>, rclcpp::Subscription<nav_msgs::msg::Odometry_<std::allocator<void>>>, rclcpp::message_memory_strategy::MessageMemoryStrategy<nav_msgs::msg::Odometry_<std::allocator<void>>>, rclcpp::Node, rclcpp::Node, nav_msgs::msg::Odometry_<std::allocator<void>>>' requested here
[3.460s]   190 |   return rclcpp::detail::create_subscription<
[3.460s]       |                          ^
[3.460s] /Users/pj/.local/share/mamba/envs/ros_env/include/rclcpp/rclcpp/node_impl.hpp:99:18: note: in instantiation of function template specialization 'rclcpp::create_subscription<nav_msgs::msg::Odometry_<std::allocator<void>>, std::__bind<void (nav2_util::OdomSmoother::*)(std::shared_ptr<nav_msgs::msg::Odometry_<std::allocator<void>>>), nav2_util::OdomSmoother *, const std::placeholders::__ph<1> &>, std::allocator<void>, rclcpp::Subscription<nav_msgs::msg::Odometry_<std::allocator<void>>>, rclcpp::message_memory_strategy::MessageMemoryStrategy<nav_msgs::msg::Odometry_<std::allocator<void>>>, rclcpp::Node>' requested here
[3.460s]    99 |   return rclcpp::create_subscription<MessageT>(
[3.460s]       |                  ^
[3.460s] /Users/pj/Projects/GPTPet/code/gpt-pet-v2/ros2_ws/src/server/src/navigation2/nav2_util/src/odometry_utils.cpp:33:21: note: in instantiation of function template specialization 'rclcpp::Node::create_subscription<nav_msgs::msg::Odometry_<std::allocator<void>>, std::__bind<void (nav2_util::OdomSmoother::*)(std::shared_ptr<nav_msgs::msg::Odometry_<std::allocator<void>>>), nav2_util::OdomSmoother *, const std::placeholders::__ph<1> &>, std::allocator<void>, rclcpp::Subscription<nav_msgs::msg::Odometry_<std::allocator<void>>>, rclcpp::message_memory_strategy::MessageMemoryStrategy<nav_msgs::msg::Odometry_<std::allocator<void>>>>' requested here
[3.461s]    33 |   odom_sub_ = node->create_subscription<nav_msgs::msg::Odometry>(
[3.461s]       |                     ^
[3.461s] /Users/pj/.local/share/mamba/envs/ros_env/include/rclcpp/rclcpp/any_subscription_callback.hpp:405:5: note: 'set_deprecated<nav_msgs::msg::Odometry_<std::allocator<void>>>' has been explicitly marked deprecated here
[3.461s]   405 |   [[deprecated("use 'void(std::shared_ptr<const MessageT>)' instead")]]
[3.461s]       |     ^
[3.696s] 1 error generated.
[3.706s] make[2]: *** [src/CMakeFiles/nav2_util_core.dir/build.make:191: src/CMakeFiles/nav2_util_core.dir/odometry_utils.cpp.o] Error 1
[3.706s] make[2]: *** Waiting for unfinished jobs....
[3.790s] make[1]: *** [CMakeFiles/Makefile2:254: src/CMakeFiles/nav2_util_core.dir/all] Error 2
[3.790s] make[1]: *** Waiting for unfinished jobs....
[4.542s] [ 32%] Linking CXX static library libgtest.a
[4.613s] [ 32%] Built target gtest
[4.614s] make: *** [Makefile:146: all] Error 2
[4.616s] Invoked command in '/Users/pj/Projects/GPTPet/code/gpt-pet-v2/ros2_ws/src/server/build/nav2_util' returned '2': AMENT_PREFIX_PATH=/Users/pj/Projects/GPTPet/code/gpt-pet-v2/ros2_ws/src/server/install/nav2_msgs:/Users/pj/Projects/GPTPet/code/gpt-pet-v2/ros2_ws/src/server/install/nav2_common:${AMENT_PREFIX_PATH} CMAKE_PREFIX_PATH=/Users/pj/Projects/GPTPet/code/gpt-pet-v2/ros2_ws/src/server/install/nav2_msgs:/Users/pj/Projects/GPTPet/code/gpt-pet-v2/ros2_ws/src/server/install/nav2_common:/opt/homebrew/opt/qt@5:/Users/pj/.local/share/mamba/envs/ros_env CONDA_PROMPT_MODIFIER=(ros_env) DYLD_LIBRARY_PATH=/Users/pj/Projects/GPTPet/code/gpt-pet-v2/ros2_ws/src/server/install/nav2_msgs/lib PYTHONPATH=/Users/pj/Projects/GPTPet/code/gpt-pet-v2/ros2_ws/src/server/install/nav2_msgs/lib/python3.11/site-packages:/Users/pj/Projects/GPTPet/code/gpt-pet-v2/ros2_ws/src/server/install/nav2_common/lib/python3.11/site-packages:${PYTHONPATH} SHLVL=2 _=/Users/pj/.local/share/mamba/envs/ros_env/bin/env /Users/pj/.local/share/mamba/envs/ros_env/bin/cmake --build /Users/pj/Projects/GPTPet/code/gpt-pet-v2/ros2_ws/src/server/build/nav2_util -- -j14 -l14
