[ 10%] Built target gtest_main
[ 10%] Built target gtest
[ 12%] Building CXX object src/CMakeFiles/nav2_util_core.dir/lifecycle_node.cpp.o
[ 15%] Building CXX object src/CMakeFiles/nav2_util_core.dir/odometry_utils.cpp.o
[ 20%] Built target test_execution_timer
In file included from /Users/pj/Projects/GPTPet/code/gpt-pet-v2/ros2_ws/src/server/src/navigation2/nav2_util/src/odometry_utils.cpp:18:
In file included from /Users/pj/Projects/GPTPet/code/gpt-pet-v2/ros2_ws/src/server/src/navigation2/nav2_util/include/nav2_util/odometry_utils.hpp:29:
/Users/pj/Projects/GPTPet/code/gpt-pet-v2/ros2_ws/src/server/src/navigation2/nav2_util/include/nav2_util/lifecycle_node.hpp:25:10: fatal error: 'bondcpp/bond.hpp' file not found
In file included from /Users/pj/Projects/GPTPet/code/gpt-pet-v2/ros2_ws/src/server/src/navigation2/nav2_util/src/lifecycle_node.cpp:15:
   /Users/pj/Projects/GPTPet/code/gpt-pet-v2/ros2_ws/src/server/src/navigation2/nav2_util/include/nav2_util/lifecycle_node.hpp25: | 25#:i10n:c lfatal error: u'bondcpp/bond.hpp' file not foundd
e "bondcpp/b   o25n | d#.ihnpcpl"u
d      e|           ^~~~~~~~~~~~~~~~~~"
bondcpp/bond.hpp"
      |          ^~~~~~~~~~~~~~~~~~
1 error generated.
1 error generated.
make[2]: *** [src/CMakeFiles/nav2_util_core.dir/build.make:191: src/CMakeFiles/nav2_util_core.dir/odometry_utils.cpp.o] Error 1
make[2]: *** Waiting for unfinished jobs....
make[2]: *** [src/CMakeFiles/nav2_util_core.dir/build.make:149: src/CMakeFiles/nav2_util_core.dir/lifecycle_node.cpp.o] Error 1
make[1]: *** [CMakeFiles/Makefile2:254: src/CMakeFiles/nav2_util_core.dir/all] Error 2
make: *** [Makefile:146: all] Error 2
