[0.028s] Invoking command in '/Users/pj/Projects/GPTPet/code/gpt-pet-v2/ros2_ws/src/server/build/nav2_util': AMENT_PREFIX_PATH=/Users/pj/Projects/GPTPet/code/gpt-pet-v2/ros2_ws/src/server/install/nav2_msgs:/Users/pj/Projects/GPTPet/code/gpt-pet-v2/ros2_ws/src/server/install/nav2_common:${AMENT_PREFIX_PATH} CMAKE_PREFIX_PATH=/Users/pj/Projects/GPTPet/code/gpt-pet-v2/ros2_ws/src/server/install/nav2_msgs:/Users/pj/Projects/GPTPet/code/gpt-pet-v2/ros2_ws/src/server/install/nav2_common:/opt/homebrew/opt/qt@5:/Users/pj/.local/share/mamba/envs/ros_env CONDA_PROMPT_MODIFIER=(ros_env) DYLD_LIBRARY_PATH=/Users/pj/Projects/GPTPet/code/gpt-pet-v2/ros2_ws/src/server/install/nav2_msgs/lib PYTHONPATH=/Users/pj/Projects/GPTPet/code/gpt-pet-v2/ros2_ws/src/server/install/nav2_msgs/lib/python3.11/site-packages:/Users/pj/Projects/GPTPet/code/gpt-pet-v2/ros2_ws/src/server/install/nav2_common/lib/python3.11/site-packages:${PYTHONPATH} SHLVL=2 _=/Users/pj/.local/share/mamba/envs/ros_env/bin/env /Users/pj/.local/share/mamba/envs/ros_env/bin/cmake --build /Users/pj/Projects/GPTPet/code/gpt-pet-v2/ros2_ws/src/server/build/nav2_util -- -j14 -l14
[0.132s] [ 10%] Built target gtest_main
[0.132s] [ 10%] Built target gtest
[0.147s] [ 12%] Building CXX object src/CMakeFiles/nav2_util_core.dir/lifecycle_node.cpp.o
[0.147s] [ 15%] Building CXX object src/CMakeFiles/nav2_util_core.dir/odometry_utils.cpp.o
[0.193s] [ 20%] Built target test_execution_timer
[1.016s] In file included from /Users/pj/Projects/GPTPet/code/gpt-pet-v2/ros2_ws/src/server/src/navigation2/nav2_util/src/odometry_utils.cpp:18:
[1.016s] In file included from /Users/pj/Projects/GPTPet/code/gpt-pet-v2/ros2_ws/src/server/src/navigation2/nav2_util/include/nav2_util/odometry_utils.hpp:29:
[1.016s] /Users/pj/Projects/GPTPet/code/gpt-pet-v2/ros2_ws/src/server/src/navigation2/nav2_util/include/nav2_util/lifecycle_node.hpp:25:10: fatal error: 'bondcpp/bond.hpp' file not found
[1.016s] In file included from /Users/pj/Projects/GPTPet/code/gpt-pet-v2/ros2_ws/src/server/src/navigation2/nav2_util/src/lifecycle_node.cpp:15:
[1.016s]    /Users/pj/Projects/GPTPet/code/gpt-pet-v2/ros2_ws/src/server/src/navigation2/nav2_util/include/nav2_util/lifecycle_node.hpp25: | 25#:i10n:c lfatal error: u'bondcpp/bond.hpp' file not foundd
[1.016s] e "bondcpp/b   o25n | d#.ihnpcpl"u
[1.016s] d      e|           ^~~~~~~~~~~~~~~~~~"
[1.016s] bondcpp/bond.hpp"
[1.016s]       |          ^~~~~~~~~~~~~~~~~~
[1.019s] 1 error generated.
[1.020s] 1 error generated.
[1.024s] make[2]: *** [src/CMakeFiles/nav2_util_core.dir/build.make:191: src/CMakeFiles/nav2_util_core.dir/odometry_utils.cpp.o] Error 1
[1.024s] make[2]: *** Waiting for unfinished jobs....
[1.029s] make[2]: *** [src/CMakeFiles/nav2_util_core.dir/build.make:149: src/CMakeFiles/nav2_util_core.dir/lifecycle_node.cpp.o] Error 1
[1.029s] make[1]: *** [CMakeFiles/Makefile2:254: src/CMakeFiles/nav2_util_core.dir/all] Error 2
[1.029s] make: *** [Makefile:146: all] Error 2
[1.031s] Invoked command in '/Users/pj/Projects/GPTPet/code/gpt-pet-v2/ros2_ws/src/server/build/nav2_util' returned '2': AMENT_PREFIX_PATH=/Users/pj/Projects/GPTPet/code/gpt-pet-v2/ros2_ws/src/server/install/nav2_msgs:/Users/pj/Projects/GPTPet/code/gpt-pet-v2/ros2_ws/src/server/install/nav2_common:${AMENT_PREFIX_PATH} CMAKE_PREFIX_PATH=/Users/pj/Projects/GPTPet/code/gpt-pet-v2/ros2_ws/src/server/install/nav2_msgs:/Users/pj/Projects/GPTPet/code/gpt-pet-v2/ros2_ws/src/server/install/nav2_common:/opt/homebrew/opt/qt@5:/Users/pj/.local/share/mamba/envs/ros_env CONDA_PROMPT_MODIFIER=(ros_env) DYLD_LIBRARY_PATH=/Users/pj/Projects/GPTPet/code/gpt-pet-v2/ros2_ws/src/server/install/nav2_msgs/lib PYTHONPATH=/Users/pj/Projects/GPTPet/code/gpt-pet-v2/ros2_ws/src/server/install/nav2_msgs/lib/python3.11/site-packages:/Users/pj/Projects/GPTPet/code/gpt-pet-v2/ros2_ws/src/server/install/nav2_common/lib/python3.11/site-packages:${PYTHONPATH} SHLVL=2 _=/Users/pj/.local/share/mamba/envs/ros_env/bin/env /Users/pj/.local/share/mamba/envs/ros_env/bin/cmake --build /Users/pj/Projects/GPTPet/code/gpt-pet-v2/ros2_ws/src/server/build/nav2_util -- -j14 -l14
