[0.047s] Invoking command in '/Users/pj/Projects/GPTPet/code/gpt-pet-v2/ros2_ws/src/server/build/nav2_util': AMENT_PREFIX_PATH=/Users/pj/Projects/GPTPet/code/gpt-pet-v2/ros2_ws/src/server/install/nav2_msgs:/Users/pj/Projects/GPTPet/code/gpt-pet-v2/ros2_ws/src/server/install/bondcpp:/Users/pj/Projects/GPTPet/code/gpt-pet-v2/ros2_ws/src/server/install/smclib:/Users/pj/Projects/GPTPet/code/gpt-pet-v2/ros2_ws/src/server/install/nav2_common:/Users/pj/Projects/GPTPet/code/gpt-pet-v2/ros2_ws/src/server/install/bond:${AMENT_PREFIX_PATH} CMAKE_PREFIX_PATH=/Users/pj/Projects/GPTPet/code/gpt-pet-v2/ros2_ws/src/server/install/nav2_msgs:/Users/pj/Projects/GPTPet/code/gpt-pet-v2/ros2_ws/src/server/install/bondcpp:/Users/pj/Projects/GPTPet/code/gpt-pet-v2/ros2_ws/src/server/install/smclib:/Users/pj/Projects/GPTPet/code/gpt-pet-v2/ros2_ws/src/server/install/nav2_common:/Users/pj/Projects/GPTPet/code/gpt-pet-v2/ros2_ws/src/server/install/bond:/opt/homebrew/opt/qt@5:/opt/homebrew/opt/qt@5:/Users/pj/.local/share/mamba/envs/ros_env CONDA_PROMPT_MODIFIER=(ros_env) DYLD_LIBRARY_PATH=/Users/pj/Projects/GPTPet/code/gpt-pet-v2/ros2_ws/src/server/install/nav2_msgs/lib:/Users/pj/Projects/GPTPet/code/gpt-pet-v2/ros2_ws/src/server/install/bondcpp/lib:/Users/pj/Projects/GPTPet/code/gpt-pet-v2/ros2_ws/src/server/install/bond/lib PYTHONPATH=/Users/pj/Projects/GPTPet/code/gpt-pet-v2/ros2_ws/src/server/install/nav2_msgs/lib/python3.11/site-packages:/Users/pj/Projects/GPTPet/code/gpt-pet-v2/ros2_ws/src/server/install/smclib/lib/python3.11/site-packages:/Users/pj/Projects/GPTPet/code/gpt-pet-v2/ros2_ws/src/server/install/nav2_common/lib/python3.11/site-packages:/Users/pj/Projects/GPTPet/code/gpt-pet-v2/ros2_ws/src/server/install/bond/lib/python3.11/site-packages:${PYTHONPATH} SHLVL=2 _=/Users/pj/.local/share/mamba/envs/ros_env/bin/env /opt/homebrew/bin/cmake --build /Users/pj/Projects/GPTPet/code/gpt-pet-v2/ros2_ws/src/server/build/nav2_util -- -j14 -l14
[0.127s] [  7%] Built target gtest
[0.127s] [ 10%] Built target gtest_main
[0.136s] [ 15%] Building CXX object src/CMakeFiles/nav2_util_core.dir/lifecycle_node.cpp.o
[0.136s] [ 15%] Building CXX object src/CMakeFiles/nav2_util_core.dir/odometry_utils.cpp.o
[0.165s] [ 20%] Built target test_execution_timer
[0.942s] In file included from /Users/pj/Projects/GPTPet/code/gpt-pet-v2/ros2_ws/src/server/src/navigation2/nav2_util/src/lifecycle_node.cpp:15:
[0.942s] /Users/pj/Projects/GPTPet/code/gpt-pet-v2/ros2_ws/src/server/src/navigation2/nav2_util/include/nav2_util/lifecycle_node.hpp:25:10: fatal error: 'bondcpp/bond.hpp' file not found
[0.942s]    25 | #include "bondcpp/bond.hpp"
[0.942s]       |          ^~~~~~~~~~~~~~~~~~
[0.947s] 1 error generated.
[0.952s] make[2]: *** [src/CMakeFiles/nav2_util_core.dir/build.make:149: src/CMakeFiles/nav2_util_core.dir/lifecycle_node.cpp.o] Error 1
[0.952s] make[2]: *** Waiting for unfinished jobs....
[0.958s] In file included from /Users/pj/Projects/GPTPet/code/gpt-pet-v2/ros2_ws/src/server/src/navigation2/nav2_util/src/odometry_utils.cpp:18:
[0.958s] In file included from /Users/pj/Projects/GPTPet/code/gpt-pet-v2/ros2_ws/src/server/src/navigation2/nav2_util/include/nav2_util/odometry_utils.hpp:29:
[0.958s] /Users/pj/Projects/GPTPet/code/gpt-pet-v2/ros2_ws/src/server/src/navigation2/nav2_util/include/nav2_util/lifecycle_node.hpp:25:10: fatal error: 'bondcpp/bond.hpp' file not found
[0.958s]    25 | #include "bondcpp/bond.hpp"
[0.958s]       |          ^~~~~~~~~~~~~~~~~~
[0.961s] 1 error generated.
[0.972s] make[2]: *** [src/CMakeFiles/nav2_util_core.dir/build.make:191: src/CMakeFiles/nav2_util_core.dir/odometry_utils.cpp.o] Error 1
[0.972s] make[1]: *** [CMakeFiles/Makefile2:254: src/CMakeFiles/nav2_util_core.dir/all] Error 2
[0.972s] make: *** [Makefile:146: all] Error 2
[0.973s] Invoked command in '/Users/pj/Projects/GPTPet/code/gpt-pet-v2/ros2_ws/src/server/build/nav2_util' returned '2': AMENT_PREFIX_PATH=/Users/pj/Projects/GPTPet/code/gpt-pet-v2/ros2_ws/src/server/install/nav2_msgs:/Users/pj/Projects/GPTPet/code/gpt-pet-v2/ros2_ws/src/server/install/bondcpp:/Users/pj/Projects/GPTPet/code/gpt-pet-v2/ros2_ws/src/server/install/smclib:/Users/pj/Projects/GPTPet/code/gpt-pet-v2/ros2_ws/src/server/install/nav2_common:/Users/pj/Projects/GPTPet/code/gpt-pet-v2/ros2_ws/src/server/install/bond:${AMENT_PREFIX_PATH} CMAKE_PREFIX_PATH=/Users/pj/Projects/GPTPet/code/gpt-pet-v2/ros2_ws/src/server/install/nav2_msgs:/Users/pj/Projects/GPTPet/code/gpt-pet-v2/ros2_ws/src/server/install/bondcpp:/Users/pj/Projects/GPTPet/code/gpt-pet-v2/ros2_ws/src/server/install/smclib:/Users/pj/Projects/GPTPet/code/gpt-pet-v2/ros2_ws/src/server/install/nav2_common:/Users/pj/Projects/GPTPet/code/gpt-pet-v2/ros2_ws/src/server/install/bond:/opt/homebrew/opt/qt@5:/opt/homebrew/opt/qt@5:/Users/pj/.local/share/mamba/envs/ros_env CONDA_PROMPT_MODIFIER=(ros_env) DYLD_LIBRARY_PATH=/Users/pj/Projects/GPTPet/code/gpt-pet-v2/ros2_ws/src/server/install/nav2_msgs/lib:/Users/pj/Projects/GPTPet/code/gpt-pet-v2/ros2_ws/src/server/install/bondcpp/lib:/Users/pj/Projects/GPTPet/code/gpt-pet-v2/ros2_ws/src/server/install/bond/lib PYTHONPATH=/Users/pj/Projects/GPTPet/code/gpt-pet-v2/ros2_ws/src/server/install/nav2_msgs/lib/python3.11/site-packages:/Users/pj/Projects/GPTPet/code/gpt-pet-v2/ros2_ws/src/server/install/smclib/lib/python3.11/site-packages:/Users/pj/Projects/GPTPet/code/gpt-pet-v2/ros2_ws/src/server/install/nav2_common/lib/python3.11/site-packages:/Users/pj/Projects/GPTPet/code/gpt-pet-v2/ros2_ws/src/server/install/bond/lib/python3.11/site-packages:${PYTHONPATH} SHLVL=2 _=/Users/pj/.local/share/mamba/envs/ros_env/bin/env /opt/homebrew/bin/cmake --build /Users/pj/Projects/GPTPet/code/gpt-pet-v2/ros2_ws/src/server/build/nav2_util -- -j14 -l14
