[0.023s] Invoking command in '/Users/pj/Projects/GPTPet/code/gpt-pet-v2/ros2_ws/src/server/build/nav2_util': AMENT_PREFIX_PATH=/Users/pj/Projects/GPTPet/code/gpt-pet-v2/ros2_ws/src/server/install/nav2_msgs:/Users/pj/Projects/GPTPet/code/gpt-pet-v2/ros2_ws/src/server/install/nav2_common:${AMENT_PREFIX_PATH} CMAKE_PREFIX_PATH=/Users/pj/Projects/GPTPet/code/gpt-pet-v2/ros2_ws/src/server/install/nav2_msgs:/Users/pj/Projects/GPTPet/code/gpt-pet-v2/ros2_ws/src/server/install/nav2_common:/opt/homebrew/opt/qt@5:/Users/pj/.local/share/mamba/envs/ros_env CONDA_PROMPT_MODIFIER=(ros_env) DYLD_LIBRARY_PATH=/Users/pj/Projects/GPTPet/code/gpt-pet-v2/ros2_ws/src/server/install/nav2_msgs/lib PYTHONPATH=/Users/pj/Projects/GPTPet/code/gpt-pet-v2/ros2_ws/src/server/install/nav2_msgs/lib/python3.11/site-packages:/Users/pj/Projects/GPTPet/code/gpt-pet-v2/ros2_ws/src/server/install/nav2_common/lib/python3.11/site-packages:${PYTHONPATH} SHLVL=2 _=/Users/pj/.local/share/mamba/envs/ros_env/bin/env /Users/pj/.local/share/mamba/envs/ros_env/bin/cmake --build /Users/pj/Projects/GPTPet/code/gpt-pet-v2/ros2_ws/src/server/build/nav2_util -- -j14 -l14
[0.128s] [ 10%] Built target gtest_main
[0.128s] [ 10%] Built target gtest
[0.174s] [ 15%] Building CXX object src/CMakeFiles/nav2_util_core.dir/odometry_utils.cpp.o
[0.174s] [ 15%] Building CXX object src/CMakeFiles/nav2_util_core.dir/lifecycle_node.cpp.o
[0.177s] [ 17%] Building CXX object test/CMakeFiles/test_execution_timer.dir/test_execution_timer.cpp.o
[0.713s] [ 20%] Linking CXX executable test_execution_timer
[0.790s] [ 20%] Built target test_execution_timer
[0.964s] In file included from /Users/pj/Projects/GPTPet/code/gpt-pet-v2/ros2_ws/src/server/src/navigation2/nav2_util/src/lifecycle_node.cpp:15:
[0.964s] /Users/pj/Projects/GPTPet/code/gpt-pet-v2/ros2_ws/src/server/src/navigation2/nav2_util/include/nav2_util/lifecycle_node.hpp:25:10: fatal error: 'bondcpp/bond.hpp' file not found
[0.964s]    25 | #include "bondcpp/bond.hpp"
[0.964s]       |          ^~~~~~~~~~~~~~~~~~
[0.968s] 1 error generated.
[0.973s] make[2]: *** [src/CMakeFiles/nav2_util_core.dir/build.make:149: src/CMakeFiles/nav2_util_core.dir/lifecycle_node.cpp.o] Error 1
[0.973s] make[2]: *** Waiting for unfinished jobs....
[0.978s] In file included from /Users/pj/Projects/GPTPet/code/gpt-pet-v2/ros2_ws/src/server/src/navigation2/nav2_util/src/odometry_utils.cpp:18:
[0.978s] In file included from /Users/pj/Projects/GPTPet/code/gpt-pet-v2/ros2_ws/src/server/src/navigation2/nav2_util/include/nav2_util/odometry_utils.hpp:29:
[0.978s] /Users/pj/Projects/GPTPet/code/gpt-pet-v2/ros2_ws/src/server/src/navigation2/nav2_util/include/nav2_util/lifecycle_node.hpp:25:10: fatal error: 'bondcpp/bond.hpp' file not found
[0.978s]    25 | #include "bondcpp/bond.hpp"
[0.978s]       |          ^~~~~~~~~~~~~~~~~~
[0.980s] 1 error generated.
[0.988s] make[2]: *** [src/CMakeFiles/nav2_util_core.dir/build.make:191: src/CMakeFiles/nav2_util_core.dir/odometry_utils.cpp.o] Error 1
[0.988s] make[1]: *** [CMakeFiles/Makefile2:254: src/CMakeFiles/nav2_util_core.dir/all] Error 2
[0.989s] make: *** [Makefile:146: all] Error 2
[0.991s] Invoked command in '/Users/pj/Projects/GPTPet/code/gpt-pet-v2/ros2_ws/src/server/build/nav2_util' returned '2': AMENT_PREFIX_PATH=/Users/pj/Projects/GPTPet/code/gpt-pet-v2/ros2_ws/src/server/install/nav2_msgs:/Users/pj/Projects/GPTPet/code/gpt-pet-v2/ros2_ws/src/server/install/nav2_common:${AMENT_PREFIX_PATH} CMAKE_PREFIX_PATH=/Users/pj/Projects/GPTPet/code/gpt-pet-v2/ros2_ws/src/server/install/nav2_msgs:/Users/pj/Projects/GPTPet/code/gpt-pet-v2/ros2_ws/src/server/install/nav2_common:/opt/homebrew/opt/qt@5:/Users/pj/.local/share/mamba/envs/ros_env CONDA_PROMPT_MODIFIER=(ros_env) DYLD_LIBRARY_PATH=/Users/pj/Projects/GPTPet/code/gpt-pet-v2/ros2_ws/src/server/install/nav2_msgs/lib PYTHONPATH=/Users/pj/Projects/GPTPet/code/gpt-pet-v2/ros2_ws/src/server/install/nav2_msgs/lib/python3.11/site-packages:/Users/pj/Projects/GPTPet/code/gpt-pet-v2/ros2_ws/src/server/install/nav2_common/lib/python3.11/site-packages:${PYTHONPATH} SHLVL=2 _=/Users/pj/.local/share/mamba/envs/ros_env/bin/env /Users/pj/.local/share/mamba/envs/ros_env/bin/cmake --build /Users/pj/Projects/GPTPet/code/gpt-pet-v2/ros2_ws/src/server/build/nav2_util -- -j14 -l14
